0.146611 92.0
0.270829 116.7
0.373923 162.5
0.481579 151.8
0.628966 97.4
0.729113 164.6
0.828087 166.3
0.932109 155.1
1.033571 160.5
1.127917 192.5
1.255497 114.3
1.377279 120.9
1.475758 165.2
1.600711 139.0
1.689222 198.9
1.790007 162.4
1.88861 164.3
1.988284 164.6
2.087045 163.4
2.187243 167.9
2.30939 120.2
2.409135 160.7
2.52891 157.6
2.624653 176.8
2.733529 151.7
2.831848 164.7
2.931747 167.6
3.035841 156.4
3.134986 163.6
3.225994 197.8
3.323722 164.7
3.472147 128.8
3.583002 165.2
3.682639 157.9
3.781186 163.3
3.87943 166.2
3.979335 161.3
4.078777 165.6
4.179432 158.8
4.271461 192.6
4.411085 129.8
4.726378 36.3
5.088731 31.6
5.282361 66.8
5.42562 107.0
5.587686 91.5
6.018959 28.3
6.119126 178.6
6.221279 168.2
6.381905 84.3
6.477005 172.5
6.564761 202.8
6.650418 207.9
6.739078 206.8
6.826413 205.7
6.915889 191.4
7.013164 173.1
7.112519 161.3
7.204698 183.0
7.361362 95.9
7.684715 36.1
7.770815 204.1
7.873552 154.8
7.966415 193.8
8.071128 165.8
8.165377 176.7
8.252686 202.4
8.341501 195.4
8.503823 81.3
8.675987 98.5
8.784715 163.3
8.912934 136.9
9.153374 55.2
9.424194 54.6
9.609199 70.6
9.844506 53.2
10.949191 9.5
11.070788 135.6
11.217772 98.2
11.32907 170.2
14.527689 3.2
16.281738 6.1
17.467019 9.0
17.855672 29.3
22.070654 2.4
26.598696 2.2
32.504955 1.7
33.267419 15.2
33.784956 23.0
34.180041 28.6
35.686187 7.1
35.862436 83.8
41.446228 1.8
41.86474 30.4
42.288466 28.0
46.265131 2.6
48.193722 5.4
52.825402 2.2
55.127358 4.4
55.936392 14.2
56.36726 30.7
60.913661 2.3
61.977608 10.3
62.871997 12.1
64.527267 6.2
67.643071 3.3
71.822888 2.5
71.962923 104.5
72.155263 70.5
72.463457 37.1
72.643338 71.2
72.858899 58.4
72.977696 133.7
73.156055 82.7
73.370837 56.8
73.654923 41.0
73.804983 94.8
73.973569 76.4
74.110361 112.8
74.347357 53.0
74.533721 68.2
74.63501 164.2
74.834398 75.1
75.010702 73.1
75.124536 137.9
75.293742 91.8
75.449806 92.2
75.594877 98.1
75.842575 49.0
76.039913 62.7
76.200103 83.5
76.3361 110.7
76.524775 69.4
76.751112 57.5
76.975107 54.3
77.140096 78.3
77.347596 60.8
77.477185 112.0
77.692261 56.5
77.83545 98.2
78.002956 81.6
78.164592 83.7
78.284227 127.2
78.462994 76.6
78.692386 62.8
78.877368 79.2
78.989764 142.2
79.841573 12.4
79.96535 124.3
80.134219 81.6
80.354758 58.2
80.521174 97.6
80.662098 108.0
80.85532 64.5
81.010912 87.5
81.208943 66.9
81.399531 70.9
81.593366 66.2
81.811071 56.1
81.925028 136.0
82.082549 91.5
82.271776 73.4
82.39467 143.1
82.61233 60.4
82.744271 106.2
82.891476 93.9
83.715519 12.8
83.876689 83.4
84.017277 107.9
84.161174 98.3
84.325526 80.9
84.478622 88.4
84.665816 68.0
85.106429 25.1
85.253272 97.3
85.437544 82.4
85.584829 92.7
85.76532 71.0
85.918936 87.6
88.689109 3.7
88.775545 201.8
88.865773 199.3
88.968487 153.6
89.056057 195.8
89.147794 182.2
89.577983 25.5
89.665385 198.3
89.767074 163.5
89.890315 118.7
89.978871 191.8
90.131569 88.9
90.275651 97.7
90.493247 61.5
90.702512 60.7
90.870657 79.2
91.027743 90.4
91.196294 86.9
91.397952 63.8
91.551759 89.4
91.741478 66.9
