0.213816 186.9 ID list
0.490327 118.8 ID list
0.714129 167.7 ID list
0.996687 115.5 ID list
1.200839 199.5 ID list
1.408578 197.3 ID list
1.635415 164.7 ID list
1.932709 108.6 ID list
2.153094 177.2 ID list
2.387499 158.2 ID list
2.598951 190.7 ID list
2.890264 111.1 ID list
3.115351 165.2 ID list
3.372986 130.8 ID list
3.645531 131.7 ID list
3.875081 165.4 ID list
4.105412 159.0 ID list
4.337648 156.0 ID list
4.602455 136.6 ID list
4.839607 153.2 ID list
5.087392 144.2 ID list
5.312998 165.5 ID list
5.626485 96.8 ID list
5.842902 181.5 ID list
6.045917 205.3 ID list
13.731578 2.6 ID list
14.301957 49.2 ID list
14.854237 50.7 ID list
15.363468 58.8 ID list
15.982877 59.1 ID list
16.534854 53.5 ID list
16.93635 77.6 ID list
17.332324 82.4 ID list
17.561391 166.2 ID list
17.885877 91.5 ID list
18.117024 166.6 ID list
18.482077 78.7 ID list
18.746311 149.7 ID list
18.98452 152.9 ID list
19.32609 109.3 ID list
19.702296 94.1 ID list
19.969347 132.8 ID list
20.202765 162.1 ID list
20.456209 133.2 ID list
20.763067 100.2 ID list
21.002888 158.6 ID list
21.24464 154.6 ID list
21.523765 135.0 ID list
21.780232 154.4 ID list
21.995464 185.2 ID list
22.244468 140.4 ID list
22.490446 162.0 ID list
22.737085 151.5 ID list
23.019354 120.0 ID list
23.258988 152.2 ID list
23.538815 113.6 ID list
23.794621 143.7 ID list
24.030212 161.2 ID list
24.283894 134.8 ID list
24.584306 136.8 ID list
24.819653 156.8 ID list
25.051086 172.3 ID list
25.318041 154.3 ID list
25.566027 145.5 ID list
25.792918 171.2 ID list
26.032899 154.3 ID list
26.257716 173.0 ID list
26.540094 126.6 ID list
26.766161 172.8 ID list
26.982103 178.6 ID list
27.201199 177.2 ID list
27.427575 176.4 ID list
27.676939 150.3 ID list
27.91903 154.4 ID list
28.165187 175.6 ID list
28.40891 163.2 ID list
28.664342 133.3 ID list
28.989054 93.1 ID list
29.270171 117.6 ID list
29.49038 180.0 ID list
29.72724 150.9 ID list
29.951394 177.1 ID list
30.228598 116.8 ID list
30.46481 152.2 ID list
30.728593 131.2 ID list
31.034868 106.0 ID list
31.275938 146.1 ID list
31.595785 105.3 ID list
31.864782 128.1 ID list
32.103401 169.7 ID list
32.338883 153.9 ID list
32.633831 112.9 ID list
32.891073 177.0 ID list
33.113468 174.7 ID list
33.332699 178.1 ID list
33.545689 192.3 ID list
33.889055 85.8 ID list
34.158767 135.5 ID list
34.416535 133.2 ID list
34.695072 122.0 ID list
34.988695 133.0 ID list
35.258134 134.7 ID list
35.546735 114.7 ID list
35.858103 99.7 ID list
36.116488 128.7 ID list
36.355873 153.5 ID list
36.638149 143.0 ID list
36.91122 125.5 ID list
37.161923 147.2 ID list
37.441716 122.4 ID list
37.769663 92.7 ID list
38.010006 149.0 ID list
38.253974 147.3 ID list
38.616095 78.6 ID list
38.86092 144.7 ID list
39.080638 181.5 ID list
39.310824 162.7 ID list
39.623914 98.3 ID list
39.846205 181.9 ID list
40.098142 134.7 ID list
40.352073 152.3 ID list
40.617678 147.4 ID list
40.867362 140.6 ID list
41.094144 172.7 ID list
41.335384 177.2 ID list
41.597026 128.8 ID list
41.819464 185.1 ID list
42.036042 188.5 ID list
42.307802 121.0 ID list
42.553561 153.6 ID list
42.796216 155.7 ID list
43.025314 165.3 ID list
43.283041 133.1 ID list
43.527524 145.2 ID list
43.81343 113.7 ID list
44.065984 155.1 ID list
44.306813 148.4 ID list
44.571127 128.6 ID list
44.7895 181.1 ID list
45.090661 103.2 ID list
45.321063 186.3 ID list
45.557266 151.1 ID list
45.788135 165.6 ID list
46.090557 105.0 ID list
46.334451 149.0 ID list
46.611229 127.1 ID list
46.827646 184.6 ID list
47.087526 149.8 ID list
47.312812 179.8 ID list
47.556284 149.7 ID list
47.808458 166.7 ID list
48.098655 109.9 ID list
48.329057 165.7 ID list
48.578968 153.5 ID list
48.886247 102.3 ID list
49.206423 95.6 ID list
49.51713 97.8 ID list
49.802244 111.9 ID list
50.042975 154.0 ID list
50.314924 120.9 ID list
50.67837 93.1 ID list
50.922466 153.2 ID list
51.155438 159.1 ID list
51.381823 162.9 ID list
51.706683 91.7 ID list
51.929883 170.4 ID list
52.133481 194.2 ID list
52.379821 180.8 ID list
52.659693 118.1 ID list
52.870525 189.5 ID list
53.083267 183.7 ID list
53.32501 160.2 ID list
53.579321 133.4 ID list
53.812879 153.7 ID list
54.026326 187.6 ID list
54.242353 186.7 ID list
54.511878 130.5 ID list
54.754022 162.1 ID list
54.966919 185.7 ID list
55.189778 168.7 ID list
55.491523 103.1 ID list
55.821942 91.0 ID list
56.04183 177.0 ID list
56.271201 159.5 ID list
56.503133 156.2 ID list
56.771241 124.3 ID list
56.994325 188.6 ID list
57.222558 162.1 ID list
57.456749 157.5 ID list
57.72577 120.7 ID list
57.950269 164.9 ID list
58.187237 175.1 ID list
58.423814 150.3 ID list
58.661507 154.3 ID list
58.91041 138.1 ID list
59.141911 178.4 ID list
59.346358 194.4 ID list
59.602329 135.1 ID list
59.856585 135.5 ID list
60.11572 130.4 ID list
