0 97.8
1 78.3
2 136.3
3 144.1
4 87.6
5 122.1
6 111.9
7 115.6
8 105.8
9 141.8
10 129.0
11 97.0
12 111.2
13 139.9
14 98.8
15 141.2
16 133.5
17 140.5
18 140.0
19 91.2
20 110.5
21 130.9
22 92.8
23 59.1
24 49.4
25 66.3
26 104.3
27 95.3
28 143.4
29 117.0
30 126.4
31 145.4
32 98.6
33 81.8
34 97.5
35 143.1
36 126.9
37 76.2
38 143.0
39 143.3
40 98.7
41 135.9
42 114.2
43 118.8
44 109.3
45 142.4
46 103.3
47 113.2
48 89.8
49 69.8
50 1.1
51 55.0
52 24.5
53 31.2
54 36.0
55 40.6
56 36.9
57 47.4
58 21.1
59 45.1
60 47.5
61 49.1
62 19.3
63 27.3
64 38.4
65 35.9
66 49.6
67 31.1
68 54.6
69 42.3
70 43.7
71 43.8
72 30.1
73 21.9
74 52.3
75 27.1
76 36.1
77 52.7
78 46.3
79 45.7
80 46.2
81 37.6
82 55.9
83 28.7
84 19.4
85 33.6
86 43.6
87 55.9
88 65.3
89 104.0
90 91.0
91 55.8
92 3.3
93 52.0
94 63.5
95 42.8
96 65.3
97 40.3
98 50.0
99 49.0
