0.228036 80.1 ID list
0.427603 136.4 ID list
0.606968 134.2 ID list
0.776848 164.2 ID list
0.9528 158.7 ID list
1.138303 162.1 ID list
1.319314 136.1 ID list
1.478195 176.3 ID list
1.659156 147.4 ID list
1.820303 184.9 ID list
2.033041 94.1 ID list
2.204217 156.6 ID list
2.364273 187.8 ID list
2.563682 148.1 ID list
2.731267 160.7 ID list
2.920588 165.5 ID list
3.102023 150.5 ID list
3.262814 192.2 ID list
3.434788 150.3 ID list
3.601548 159.5 ID list
3.776004 142.2 ID list
4.014328 99.8 ID list
4.644771 19.5 ID list
4.924021 61.1 ID list
5.13805 105.9 ID list
5.391785 71.4 ID list
5.808837 38.1 ID list
5.993077 161.2 ID list
6.159887 184.4 ID list
6.323694 184.6 ID list
6.483707 192.1 ID list
6.6841 193.7 ID list
6.982552 74.1 ID list
7.195921 154.0 ID list
7.999023 14.8 ID list
8.182374 144.3 ID list
8.391058 136.3 ID list
8.700405 62.6 ID list
9.090672 52.4 ID list
9.315134 112.1 ID list
11.042485 6.6 ID list
14.410406 3.1 ID list
15.043565 24.6 ID list
21.608086 1.6 ID list
28.324848 1.5 ID list
29.152426 15.5 ID list
29.671079 27.1 ID list
30.973446 8.9 ID list
31.907162 15.1 ID list
34.089658 5.7 ID list
42.615892 1.2 ID list
43.20753 26.9 ID list
43.569853 56.3 ID list
48.0734 2.3 ID list
55.313666 1.4 ID list
64.314371 1.1 ID list
74.731973 1.0 ID list
75.582732 14.3 ID list
75.976536 39.3 ID list
76.289558 51.6 ID list
76.648606 51.8 ID list
76.913921 83.2 ID list
77.17764 78.9 ID list
77.44485 86.4 ID list
77.723256 76.2 ID list
77.995627 104.0 ID list
78.280363 65.3 ID list
78.588884 66.0 ID list
78.88905 67.8 ID list
79.162817 84.0 ID list
79.409463 94.4 ID list
79.705285 98.0 ID list
79.97548 96.6 ID list
80.25932 66.5 ID list
80.629667 38.3 ID list
80.885407 77.5 ID list
81.138183 75.0 ID list
81.384211 78.1 ID list
81.640244 77.7 ID list
81.887105 84.8 ID list
82.146077 78.7 ID list
82.46811 57.7 ID list
82.734878 73.3 ID list
82.964125 98.3 ID list
83.242784 62.7 ID list
83.491797 80.8 ID list
83.775729 67.6 ID list
84.058527 90.6 ID list
84.279574 100.4 ID list
84.517498 81.1 ID list
84.777364 72.8 ID list
85.557466 15.2 ID list
85.815106 73.3 ID list
86.113537 61.8 ID list
86.328871 106.9 ID list
86.572852 80.0 ID list
86.825051 85.6 ID list
87.157973 65.6 ID list
87.411139 76.1 ID list
87.63215 96.6 ID list
88.085785 38.1 ID list
88.3385 74.8 ID list
88.556542 99.2 ID list
88.815835 81.8 ID list
89.090422 71.6 ID list
89.34083 83.5 ID list
89.589276 78.9 ID list
89.900271 54.5 ID list
90.17703 81.6 ID list
90.44772 75.1 ID list
90.6924 78.2 ID list
91.005551 77.2 ID list
91.302581 52.8 ID list
91.467459 165.1 ID list
91.638065 176.3 ID list
91.965867 69.1 ID list
92.156766 135.5 ID list
92.31948 171.6 ID list
92.535805 90.2 ID list
92.760084 83.4 ID list
93.022507 76.3 ID list
93.289382 69.8 ID list
93.554319 77.4 ID list
93.816978 110.0 ID list
94.080687 78.7 ID list
94.33067 81.2 ID list
94.666009 60.0 ID list
94.920869 80.3 ID list
95.154128 82.7 ID list
95.439828 83.3 ID list
95.688296 95.0 ID list
95.912762 90.5 ID list
96.142525 93.1 ID list
96.380747 80.5 ID list
96.666862 82.7 ID list
96.944707 78.4 ID list
97.167525 89.5 ID list
97.456508 83.7 ID list
97.722512 72.9 ID list
97.945854 93.1 ID list
98.176423 84.9 ID list
98.436432 80.9 ID list
98.706883 64.4 ID list
98.944748 83.5 ID list
99.209068 66.7 ID list
99.422483 101.6 ID list
99.674697 86.2 ID list
99.950896 65.0 ID list
100.214678 78.0 ID list
100.444756 86.4 ID list
100.728892 66.1 ID list
101.001872 86.0 ID list
101.238301 83.2 ID list
101.518888 76.7 ID list
101.764117 81.9 ID list
102.033866 63.3 ID list
102.266115 85.0 ID list
102.489216 89.6 ID list
102.734566 84.6 ID list
103.052322 54.8 ID list
103.306487 75.8 ID list
103.589695 60.8 ID list
103.93254 53.9 ID list
104.191151 68.6 ID list
104.423172 86.2 ID list
104.6879 67.3 ID list
105.009471 49.1 ID list
106.286776 8.7 ID list
106.524488 82.8 ID list
106.80533 84.6 ID list
107.0963 74.2 ID list
107.36523 77.5 ID list
107.637845 68.1 ID list
107.944515 66.3 ID list
108.211527 80.0 ID list
108.612501 39.5 ID list
108.887893 80.8 ID list
109.150186 70.6 ID list
109.437466 76.8 ID list
109.758197 49.5 ID list
110.018164 71.2 ID list
110.28346 68.4 ID list
110.5265 84.2 ID list
110.854727 58.0 ID list
111.10803 78.5 ID list
111.366488 72.9 ID list
111.653555 77.8 ID list
111.906902 84.2 ID list
112.154334 85.8 ID list
112.396952 76.9 ID list
112.701107 56.4 ID list
112.99003 72.3 ID list
113.251938 72.7 ID list
113.596156 66.3 ID list
113.860953 74.3 ID list
114.117908 70.4 ID list
114.392816 70.9 ID list
114.685074 62.9 ID list
114.916681 84.9 ID list
115.146729 88.1 ID list
