0.210047 56.3
0.316841 138.4
0.419286 140.4
0.521831 139.7
0.649547 112.3
0.7747 136.8
0.877166 143.6
0.97634 145.3
1.095328 120.5
1.207807 121.1
1.311972 134.4
1.409 150.3
1.516224 137.5
1.66495 88.2
1.790899 106.8
1.914703 110.7
2.037933 113.1
2.153851 116.4
2.259358 132.0
2.381434 116.0
2.485015 143.8
2.644692 77.4
2.760346 125.3
2.879985 113.5
2.979379 144.2
3.110818 97.6
3.215562 131.7
3.329797 117.7
3.433906 143.3
3.590632 79.5
3.694265 136.3
3.801984 131.1
3.922523 110.9
4.050104 101.4
4.15811 135.7
4.261787 136.9
4.363309 138.7
4.481696 112.4
4.60274 109.0
4.738066 97.9
4.840082 137.5
4.957175 117.7
5.071918 121.3
5.263489 67.6
5.433107 82.1
5.584194 87.6
5.722112 96.6
5.825947 140.6
5.948904 108.0
6.055644 132.7
6.183554 107.7
6.306964 107.1
6.424886 120.5
6.59423 79.3
6.726049 99.0
6.833721 131.2
6.933688 139.3
7.074586 90.8
7.199221 106.4
7.315739 117.5
7.472213 79.1
7.672748 60.8
7.850607 69.0
8.027069 70.6
8.203116 80.7
8.402747 63.1
8.612229 59.1
8.854187 55.6
8.973681 120.0
9.099607 103.5
9.221818 109.5
9.36211 95.1
9.477103 117.3
9.603077 106.4
9.714717 126.7
9.818982 143.1
9.94438 107.1
10.070115 105.1
10.169238 144.6
10.320133 83.4
10.427798 130.2
10.552177 106.8
10.675741 107.5
10.813704 91.7
10.946708 100.0
11.174081 59.3
11.397472 59.6
11.529954 99.8
11.653342 106.2
11.763712 126.1
11.891591 101.8
11.991629 142.8
12.228416 55.3
12.351251 117.9
12.477629 103.1
12.594639 113.5
12.725439 97.6
12.845845 109.5
12.981984 104.6
13.117733 95.3
13.239068 109.9
13.384764 88.4
13.670487 45.2
14.079312 28.6
14.247621 104.4
14.429241 69.8
14.645767 65.9
14.84522 63.1
14.958642 130.6
15.14819 62.5
15.298423 88.7
15.424745 103.2
15.525933 140.2
15.645346 110.6
15.744282 144.1
15.909168 77.9
16.138961 53.3
16.338066 60.7
16.447721 129.5
16.635302 63.4
16.841896 56.5
17.012547 72.0
17.182396 76.5
17.296235 120.6
17.416205 109.6
17.551178 97.8
17.654689 142.8
17.773628 113.6
17.923737 92.8
18.055348 98.6
18.159398 134.7
18.267011 136.6
18.378633 136.7
18.64627 42.9
18.91044 45.5
19.162734 50.2
19.426078 58.2
19.719835 39.0
20.085218 40.6
20.405663 40.8
20.654743 48.2
20.999818 43.4
21.21637 55.7
21.427141 57.6
21.659958 52.4
21.962387 38.3
22.192803 53.9
22.412744 55.4
22.612556 60.7
22.838938 52.5
23.016574 70.5
23.241087 53.2
23.551507 53.2
23.871489 43.7
24.117979 49.7
24.369804 46.9
24.640464 52.2
24.878516 65.7
24.996105 113.3
25.109084 127.7
25.230275 108.7
25.348385 116.5
25.46849 111.0
25.583052 119.7
25.726719 97.3
25.827865 143.0
25.926775 145.7
26.028083 144.3
26.156272 107.2
26.275749 111.5
26.38198 136.2
26.485271 139.5
26.654527 83.1
26.774963 115.4
26.888794 121.0
27.005365 121.9
27.128847 111.9
27.247169 112.8
27.346957 141.9
27.537317 63.1
27.683703 88.4
27.799036 121.4
27.928876 101.2
28.282746 40.1
28.662626 29.8
29.089195 33.2
29.353389 49.2
29.639542 48.9
29.954964 41.9
30.379812 28.9
30.647427 53.3
30.883988 49.9
31.185856 47.8
31.326121 106.7
31.616247 46.1
31.761444 90.3
31.894652 98.3
32.124868 51.3
32.377793 45.7
32.690502 37.2
