0.226769 165.4 ID list
0.428275 199.2 ID list
0.653705 165.9 ID list
0.958381 113.4 ID list
1.183682 165.6 ID list
1.448082 124.5 ID list
1.683208 153.8 ID list
1.930027 137.4 ID list
2.177737 138.9 ID list
2.394018 179.6 ID list
2.625468 162.7 ID list
2.853907 157.8 ID list
3.064926 180.3 ID list
3.314492 138.9 ID list
3.576676 139.0 ID list
3.786005 190.9 ID list
4.010867 167.7 ID list
4.296315 111.0 ID list
4.528795 160.8 ID list
4.750022 166.7 ID list
4.954251 200.0 ID list
5.210428 131.4 ID list
10.207668 4.1 ID list
10.961331 37.7 ID list
11.51002 50.4 ID list
11.942256 70.9 ID list
12.335039 70.9 ID list
12.720052 80.9 ID list
13.056295 89.9 ID list
13.32745 130.1 ID list
13.556674 165.6 ID list
14.021434 64.8 ID list
14.307033 142.0 ID list
14.579057 117.8 ID list
14.852059 121.3 ID list
15.141004 114.6 ID list
15.352025 188.0 ID list
15.608332 143.4 ID list
15.888918 117.4 ID list
16.167553 139.6 ID list
16.380097 186.0 ID list
16.640293 132.5 ID list
17.001368 79.2 ID list
17.214652 187.2 ID list
17.44108 183.6 ID list
17.674578 156.3 ID list
17.960676 109.9 ID list
18.176139 180.2 ID list
18.44013 125.0 ID list
18.671841 161.7 ID list
18.944306 131.3 ID list
19.235804 127.5 ID list
19.47388 152.6 ID list
19.696698 175.5 ID list
19.934139 159.0 ID list
20.182195 187.2 ID list
20.401525 185.3 ID list
20.623198 182.3 ID list
20.835056 191.3 ID list
21.11296 150.4 ID list
21.359086 154.3 ID list
21.575298 180.0 ID list
21.815537 147.4 ID list
22.133673 96.0 ID list
22.349816 180.0 ID list
22.592902 149.2 ID list
22.834197 151.4 ID list
23.116058 114.9 ID list
23.331499 179.2 ID list
23.575281 148.0 ID list
23.829406 137.1 ID list
24.117479 134.5 ID list
24.422335 101.8 ID list
24.675686 135.9 ID list
24.969152 112.4 ID list
25.216782 153.4 ID list
25.450426 155.2 ID list
25.729932 114.0 ID list
25.971481 146.3 ID list
26.228341 138.3 ID list
26.463804 164.7 ID list
26.746956 118.0 ID list
26.9945 141.6 ID list
27.293541 108.5 ID list
27.581021 111.4 ID list
27.844978 123.4 ID list
28.12372 119.7 ID list
28.392221 149.7 ID list
28.632334 155.1 ID list
28.901952 123.5 ID list
29.187167 113.0 ID list
29.418962 167.6 ID list
29.826047 66.2 ID list
30.123232 105.6 ID list
30.371739 146.9 ID list
30.638881 138.5 ID list
30.911875 125.5 ID list
31.181253 133.5 ID list
31.426833 145.0 ID list
31.69309 123.7 ID list
31.973982 118.0 ID list
32.234236 130.7 ID list
32.54983 99.0 ID list
32.821387 127.6 ID list
33.069465 154.3 ID list
33.295135 172.0 ID list
33.561042 127.6 ID list
33.793076 157.7 ID list
34.042673 142.2 ID list
34.279166 149.6 ID list
34.531891 149.7 ID list
34.750157 182.9 ID list
34.989034 147.4 ID list
35.259255 145.1 ID list
35.473982 183.3 ID list
35.715347 151.5 ID list
35.94891 157.4 ID list
36.282891 87.6 ID list
36.524023 155.5 ID list
36.755419 157.2 ID list
36.988033 159.8 ID list
37.290558 103.1 ID list
37.52663 153.9 ID list
37.769042 147.9 ID list
38.045055 150.5 ID list
38.332563 111.1 ID list
38.550424 181.9 ID list
38.781127 153.3 ID list
39.103472 94.9 ID list
39.33811 155.8 ID list
39.555575 176.9 ID list
39.767596 184.6 ID list
40.04727 113.5 ID list
40.277605 157.5 ID list
40.52903 140.2 ID list
40.738734 188.4 ID list
41.006576 122.0 ID list
41.271043 131.2 ID list
41.478284 195.1 ID list
41.718522 156.8 ID list
41.951956 158.6 ID list
42.207546 138.1 ID list
42.431008 170.4 ID list
42.687486 132.2 ID list
42.924365 148.4 ID list
43.165376 149.1 ID list
43.42434 153.3 ID list
43.662875 172.4 ID list
43.903559 162.6 ID list
44.177119 149.8 ID list
44.396095 175.4 ID list
44.657615 133.1 ID list
44.88581 166.7 ID list
45.130672 168.7 ID list
45.363151 153.7 ID list
45.582532 171.6 ID list
45.842361 147.2 ID list
46.118406 116.9 ID list
46.375091 140.7 ID list
46.642461 134.8 ID list
46.86592 174.3 ID list
47.206481 85.1 ID list
47.448929 143.6 ID list
47.674953 165.7 ID list
47.981809 110.9 ID list
48.224895 142.6 ID list
48.485071 130.3 ID list
48.72196 157.1 ID list
49.02134 105.9 ID list
49.252382 160.5 ID list
49.544804 109.5 ID list
49.797109 139.3 ID list
50.067336 141.0 ID list
50.32647 127.9 ID list
50.576668 141.1 ID list
50.802438 167.6 ID list
51.031084 164.4 ID list
51.343853 95.4 ID list
51.585534 148.0 ID list
51.83629 140.9 ID list
52.081639 155.2 ID list
52.396489 97.1 ID list
52.650758 133.9 ID list
52.889931 150.2 ID list
53.223298 87.2 ID list
53.446989 163.9 ID list
53.701248 138.4 ID list
54.001002 109.8 ID list
54.274181 130.9 ID list
54.50542 164.7 ID list
54.727025 167.7 ID list
54.995665 145.1 ID list
55.21863 165.1 ID list
55.447332 160.7 ID list
55.671274 166.7 ID list
55.953357 130.7 ID list
56.212118 137.4 ID list
56.464827 140.9 ID list
56.695485 161.5 ID list
56.975309 112.0 ID list
